<?xml version="1.0" encoding="UTF-8"?>
<!-- Generated by org.testng.reporters.JUnitReportReporter -->
<testsuite hostname="Batman" failures="0" tests="1" name="internetBankingProject.Assignment" time="6.816" errors="0" timestamp="2024-02-19T23:54:57 IST" skipped="0">
  <testcase classname="internetBankingProject.Assignment" name="Nation" time="6.816"/>
</testsuite> <!-- internetBankingProject.Assignment -->
