<?xml version="1.0" encoding="UTF-8"?>
<!-- Generated by org.testng.reporters.JUnitReportReporter -->
<testsuite hostname="Batman" failures="0" tests="1" name="testNG.academyLogin" time="13.412" errors="0" timestamp="2024-03-24T13:36:07 IST" skipped="0">
  <testcase classname="testNG.academyLogin" name="hello" time="13.412"/>
</testsuite> <!-- testNG.academyLogin -->
