<?xml version="1.0" encoding="UTF-8"?>
<!-- Generated by org.testng.reporters.JUnitReportReporter -->
<testsuite hostname="Batman" failures="0" tests="2" name="testNG.testset1" time="0.046" errors="0" timestamp="2024-02-20T23:50:23 IST" skipped="0">
  <testcase classname="testNG.testset1" name="demo8" time="0.023"/>
  <testcase classname="testNG.testset1" name="demo1" time="0.023"/>
</testsuite> <!-- testNG.testset1 -->
