<?xml version="1.0" encoding="UTF-8"?>
<!-- Generated by org.testng.reporters.JUnitReportReporter -->
<testsuite hostname="Batman" failures="0" tests="1" name="testNG.Assignment" time="5.462" errors="0" timestamp="2024-02-20T00:09:22 IST" skipped="0">
  <testcase classname="testNG.Assignment" name="Nation" time="5.462"/>
</testsuite> <!-- testNG.Assignment -->
