<?xml version="1.0" encoding="UTF-8"?>
<!-- Generated by org.testng.reporters.JUnitReportReporter -->
<testsuite hostname="Batman" failures="0" tests="1" name="testNG.NewTest" time="0.009" errors="0" timestamp="2024-02-20T23:39:12 IST" skipped="0">
  <testcase classname="testNG.NewTest" name="Maa" time="0.009"/>
</testsuite> <!-- testNG.NewTest -->
